I, [2017-09-01T07:29:14.655479 #26718]  INFO -- default-linux-200: -----> Creating <default-linux-200>...
E, [2017-09-01T07:29:17.667337 #26718] ERROR -- default-linux-200: Create failed on instance <default-linux-200>.
E, [2017-09-01T07:29:17.667490 #26718] ERROR -- default-linux-200: ------Exception-------
E, [2017-09-01T07:29:17.667512 #26718] ERROR -- default-linux-200: Class: Aws::Errors::MissingCredentialsError
E, [2017-09-01T07:29:17.667524 #26718] ERROR -- default-linux-200: Message: unable to sign request without credentials set
E, [2017-09-01T07:29:17.667534 #26718] ERROR -- default-linux-200: ----------------------
E, [2017-09-01T07:29:17.667544 #26718] ERROR -- default-linux-200: ------Backtrace-------
E, [2017-09-01T07:29:17.667557 #26718] ERROR -- default-linux-200: /opt/chefdk/embedded/lib/ruby/gems/2.4.0/gems/aws-sdk-core-2.10.10/lib/aws-sdk-core/plugins/request_signer.rb:104:in `require_credentials'
E, [2017-09-01T07:29:17.667607 #26718] ERROR -- default-linux-200: /opt/chefdk/embedded/lib/ruby/gems/2.4.0/gems/aws-sdk-core-2.10.10/lib/aws-sdk-core/plugins/request_signer.rb:94:in `sign_authenticated_requests'
E, [2017-09-01T07:29:17.667620 #26718] ERROR -- default-linux-200: /opt/chefdk/embedded/lib/ruby/gems/2.4.0/gems/aws-sdk-core-2.10.10/lib/aws-sdk-core/plugins/request_signer.rb:87:in `call'
E, [2017-09-01T07:29:17.667630 #26718] ERROR -- default-linux-200: /opt/chefdk/embedded/lib/ruby/gems/2.4.0/gems/aws-sdk-core-2.10.10/lib/aws-sdk-core/plugins/helpful_socket_errors.rb:10:in `call'
E, [2017-09-01T07:29:17.667639 #26718] ERROR -- default-linux-200: /opt/chefdk/embedded/lib/ruby/gems/2.4.0/gems/aws-sdk-core-2.10.10/lib/aws-sdk-core/plugins/retry_errors.rb:89:in `call'
E, [2017-09-01T07:29:17.667649 #26718] ERROR -- default-linux-200: /opt/chefdk/embedded/lib/ruby/gems/2.4.0/gems/aws-sdk-core-2.10.10/lib/aws-sdk-core/query/handler.rb:27:in `call'
E, [2017-09-01T07:29:17.667659 #26718] ERROR -- default-linux-200: /opt/chefdk/embedded/lib/ruby/gems/2.4.0/gems/aws-sdk-core-2.10.10/lib/aws-sdk-core/plugins/user_agent.rb:12:in `call'
E, [2017-09-01T07:29:17.667668 #26718] ERROR -- default-linux-200: /opt/chefdk/embedded/lib/ruby/gems/2.4.0/gems/aws-sdk-core-2.10.10/lib/seahorse/client/plugins/endpoint.rb:41:in `call'
E, [2017-09-01T07:29:17.667678 #26718] ERROR -- default-linux-200: /opt/chefdk/embedded/lib/ruby/gems/2.4.0/gems/aws-sdk-core-2.10.10/lib/aws-sdk-core/plugins/param_validator.rb:21:in `call'
E, [2017-09-01T07:29:17.667688 #26718] ERROR -- default-linux-200: /opt/chefdk/embedded/lib/ruby/gems/2.4.0/gems/aws-sdk-core-2.10.10/lib/seahorse/client/plugins/raise_response_errors.rb:14:in `call'
E, [2017-09-01T07:29:17.667701 #26718] ERROR -- default-linux-200: /opt/chefdk/embedded/lib/ruby/gems/2.4.0/gems/aws-sdk-core-2.10.10/lib/aws-sdk-core/plugins/jsonvalue_converter.rb:20:in `call'
E, [2017-09-01T07:29:17.667711 #26718] ERROR -- default-linux-200: /opt/chefdk/embedded/lib/ruby/gems/2.4.0/gems/aws-sdk-core-2.10.10/lib/aws-sdk-core/plugins/idempotency_token.rb:18:in `call'
E, [2017-09-01T07:29:17.667720 #26718] ERROR -- default-linux-200: /opt/chefdk/embedded/lib/ruby/gems/2.4.0/gems/aws-sdk-core-2.10.10/lib/aws-sdk-core/plugins/param_converter.rb:20:in `call'
E, [2017-09-01T07:29:17.667730 #26718] ERROR -- default-linux-200: /opt/chefdk/embedded/lib/ruby/gems/2.4.0/gems/aws-sdk-core-2.10.10/lib/aws-sdk-core/plugins/response_paging.rb:26:in `call'
E, [2017-09-01T07:29:17.667739 #26718] ERROR -- default-linux-200: /opt/chefdk/embedded/lib/ruby/gems/2.4.0/gems/aws-sdk-core-2.10.10/lib/seahorse/client/plugins/response_target.rb:21:in `call'
E, [2017-09-01T07:29:17.667749 #26718] ERROR -- default-linux-200: /opt/chefdk/embedded/lib/ruby/gems/2.4.0/gems/aws-sdk-core-2.10.10/lib/seahorse/client/request.rb:70:in `send_request'
E, [2017-09-01T07:29:17.667759 #26718] ERROR -- default-linux-200: /opt/chefdk/embedded/lib/ruby/gems/2.4.0/gems/aws-sdk-core-2.10.10/lib/seahorse/client/base.rb:207:in `block (2 levels) in define_operation_methods'
E, [2017-09-01T07:29:17.667768 #26718] ERROR -- default-linux-200: /opt/chefdk/embedded/lib/ruby/gems/2.4.0/gems/aws-sdk-resources-2.10.10/lib/aws-sdk-resources/request.rb:24:in `call'
E, [2017-09-01T07:29:17.667787 #26718] ERROR -- default-linux-200: /opt/chefdk/embedded/lib/ruby/gems/2.4.0/gems/aws-sdk-resources-2.10.10/lib/aws-sdk-resources/operations.rb:41:in `call'
E, [2017-09-01T07:29:17.667799 #26718] ERROR -- default-linux-200: /opt/chefdk/embedded/lib/ruby/gems/2.4.0/gems/aws-sdk-resources-2.10.10/lib/aws-sdk-resources/operations.rb:61:in `call'
E, [2017-09-01T07:29:17.667811 #26718] ERROR -- default-linux-200: /opt/chefdk/embedded/lib/ruby/gems/2.4.0/gems/aws-sdk-resources-2.10.10/lib/aws-sdk-resources/resource.rb:147:in `load'
E, [2017-09-01T07:29:17.667821 #26718] ERROR -- default-linux-200: /opt/chefdk/embedded/lib/ruby/gems/2.4.0/gems/aws-sdk-resources-2.10.10/lib/aws-sdk-resources/resource.rb:120:in `data'
E, [2017-09-01T07:29:17.667830 #26718] ERROR -- default-linux-200: /opt/chefdk/embedded/lib/ruby/gems/2.4.0/gems/aws-sdk-resources-2.10.10/lib/aws-sdk-resources/resource.rb:223:in `block in add_data_attribute'
E, [2017-09-01T07:29:17.667839 #26718] ERROR -- default-linux-200: /opt/chefdk/embedded/lib/ruby/gems/2.4.0/gems/kitchen-ec2-1.3.2/lib/kitchen/driver/ec2.rb:588:in `show_chosen_image'
E, [2017-09-01T07:29:17.667849 #26718] ERROR -- default-linux-200: /opt/chefdk/embedded/lib/ruby/gems/2.4.0/gems/kitchen-ec2-1.3.2/lib/kitchen/driver/ec2.rb:255:in `image'
E, [2017-09-01T07:29:17.667858 #26718] ERROR -- default-linux-200: /opt/chefdk/embedded/lib/ruby/gems/2.4.0/gems/kitchen-ec2-1.3.2/lib/kitchen/driver/ec2.rb:281:in `actual_platform'
E, [2017-09-01T07:29:17.667868 #26718] ERROR -- default-linux-200: /opt/chefdk/embedded/lib/ruby/gems/2.4.0/gems/kitchen-ec2-1.3.2/lib/kitchen/driver/ec2.rb:311:in `update_username'
E, [2017-09-01T07:29:17.667877 #26718] ERROR -- default-linux-200: /opt/chefdk/embedded/lib/ruby/gems/2.4.0/gems/kitchen-ec2-1.3.2/lib/kitchen/driver/ec2.rb:172:in `create'
E, [2017-09-01T07:29:17.667886 #26718] ERROR -- default-linux-200: /opt/chefdk/embedded/lib/ruby/gems/2.4.0/gems/test-kitchen-1.16.0/lib/kitchen/instance.rb:460:in `public_send'
E, [2017-09-01T07:29:17.667899 #26718] ERROR -- default-linux-200: /opt/chefdk/embedded/lib/ruby/gems/2.4.0/gems/test-kitchen-1.16.0/lib/kitchen/instance.rb:460:in `block in perform_action'
E, [2017-09-01T07:29:17.667908 #26718] ERROR -- default-linux-200: /opt/chefdk/embedded/lib/ruby/gems/2.4.0/gems/test-kitchen-1.16.0/lib/kitchen/instance.rb:527:in `synchronize_or_call'
E, [2017-09-01T07:29:17.667918 #26718] ERROR -- default-linux-200: /opt/chefdk/embedded/lib/ruby/gems/2.4.0/gems/test-kitchen-1.16.0/lib/kitchen/instance.rb:489:in `block in action'
E, [2017-09-01T07:29:17.667927 #26718] ERROR -- default-linux-200: /opt/chefdk/embedded/lib/ruby/2.4.0/benchmark.rb:293:in `measure'
E, [2017-09-01T07:29:17.667936 #26718] ERROR -- default-linux-200: /opt/chefdk/embedded/lib/ruby/gems/2.4.0/gems/test-kitchen-1.16.0/lib/kitchen/instance.rb:488:in `action'
E, [2017-09-01T07:29:17.667946 #26718] ERROR -- default-linux-200: /opt/chefdk/embedded/lib/ruby/gems/2.4.0/gems/test-kitchen-1.16.0/lib/kitchen/instance.rb:460:in `perform_action'
E, [2017-09-01T07:29:17.667955 #26718] ERROR -- default-linux-200: /opt/chefdk/embedded/lib/ruby/gems/2.4.0/gems/test-kitchen-1.16.0/lib/kitchen/instance.rb:370:in `create_action'
E, [2017-09-01T07:29:17.667964 #26718] ERROR -- default-linux-200: /opt/chefdk/embedded/lib/ruby/gems/2.4.0/gems/test-kitchen-1.16.0/lib/kitchen/instance.rb:359:in `block in transition_to'
E, [2017-09-01T07:29:17.667974 #26718] ERROR -- default-linux-200: /opt/chefdk/embedded/lib/ruby/gems/2.4.0/gems/test-kitchen-1.16.0/lib/kitchen/instance.rb:358:in `each'
E, [2017-09-01T07:29:17.667986 #26718] ERROR -- default-linux-200: /opt/chefdk/embedded/lib/ruby/gems/2.4.0/gems/test-kitchen-1.16.0/lib/kitchen/instance.rb:358:in `transition_to'
E, [2017-09-01T07:29:17.667997 #26718] ERROR -- default-linux-200: /opt/chefdk/embedded/lib/ruby/gems/2.4.0/gems/test-kitchen-1.16.0/lib/kitchen/instance.rb:124:in `create'
E, [2017-09-01T07:29:17.668006 #26718] ERROR -- default-linux-200: /opt/chefdk/embedded/lib/ruby/gems/2.4.0/gems/test-kitchen-1.16.0/lib/kitchen/command.rb:197:in `public_send'
E, [2017-09-01T07:29:17.668019 #26718] ERROR -- default-linux-200: /opt/chefdk/embedded/lib/ruby/gems/2.4.0/gems/test-kitchen-1.16.0/lib/kitchen/command.rb:197:in `run_action_in_thread'
E, [2017-09-01T07:29:17.668029 #26718] ERROR -- default-linux-200: /opt/chefdk/embedded/lib/ruby/gems/2.4.0/gems/test-kitchen-1.16.0/lib/kitchen/command.rb:169:in `block (2 levels) in run_action'
E, [2017-09-01T07:29:17.668039 #26718] ERROR -- default-linux-200: ----End Backtrace-----
